2024-09-26 15:07:43.051 +03:00 [INF] Starting deployment...
2024-09-26 15:07:43.094 +03:00 [INF] Cleaning the application...
2024-09-26 15:07:44.005 +03:00 [INF] Publishing the application...
2024-09-26 15:07:46.352 +03:00 [INF] Connecting to SSH...
2024-09-26 15:07:46.555 +03:00 [INF] Checking service status...
2024-09-26 15:07:47.029 +03:00 [DBG] Executed command 'sudo systemctl is-active case' with result: active
2024-09-26 15:07:47.033 +03:00 [INF] Service case is active.
2024-09-26 15:07:47.034 +03:00 [INF] Stopping service case.
2024-09-26 15:07:47.035 +03:00 [INF] 
2024-09-26 15:07:47.112 +03:00 [DBG] Executed command 'sudo systemctl stop case' with result: 
2024-09-26 15:07:47.114 +03:00 [INF] Service case is stopped.
2024-09-26 15:07:47.115 +03:00 [INF] Transferring newer files...
2024-09-26 15:07:47.115 +03:00 [INF] 
2024-09-26 15:07:47.317 +03:00 [DBG] Skipped (no changes): Azure.Core.dll
2024-09-26 15:07:47.322 +03:00 [DBG] Skipped (no changes): Azure.Identity.dll
2024-09-26 15:07:47.326 +03:00 [DBG] Skipped (no changes): BouncyCastle.Cryptography.dll
2024-09-26 15:07:47.332 +03:00 [DBG] Skipped (no changes): Castle.Core.dll
2024-09-26 15:07:47.337 +03:00 [DBG] Skipped (no changes): CdM.deps.json
2024-09-26 15:07:47.343 +03:00 [DBG] Skipped (no changes): CdM.dll
2024-09-26 15:07:47.349 +03:00 [DBG] Skipped (no changes): CdM.exe
2024-09-26 15:07:47.353 +03:00 [DBG] Skipped (no changes): CdM.pdb
2024-09-26 15:07:47.359 +03:00 [DBG] Skipped (no changes): CdM.runtimeconfig.json
2024-09-26 15:07:47.364 +03:00 [DBG] Skipped (no changes): dotnet-aspnet-codegenerator-design.dll
2024-09-26 15:07:47.372 +03:00 [DBG] Skipped (no changes): FluentAssertions.dll
2024-09-26 15:07:47.380 +03:00 [DBG] Skipped (no changes): HarfBuzzSharp.dll
2024-09-26 15:07:47.388 +03:00 [DBG] Skipped (no changes): Humanizer.dll
2024-09-26 15:07:47.395 +03:00 [DBG] Skipped (no changes): MailKit.dll
2024-09-26 15:07:47.401 +03:00 [DBG] Skipped (no changes): Microsoft.AspNetCore.Identity.EntityFrameworkCore.dll
2024-09-26 15:07:47.408 +03:00 [DBG] Skipped (no changes): Microsoft.AspNetCore.Identity.UI.dll
2024-09-26 15:07:47.413 +03:00 [DBG] Skipped (no changes): Microsoft.AspNetCore.Razor.Language.dll
2024-09-26 15:07:47.422 +03:00 [DBG] Skipped (no changes): Microsoft.Bcl.AsyncInterfaces.dll
2024-09-26 15:07:47.430 +03:00 [DBG] Skipped (no changes): Microsoft.Build.dll
2024-09-26 15:07:47.442 +03:00 [DBG] Skipped (no changes): Microsoft.Build.Framework.dll
2024-09-26 15:07:47.447 +03:00 [DBG] Skipped (no changes): Microsoft.CodeAnalysis.AnalyzerUtilities.dll
2024-09-26 15:07:47.455 +03:00 [DBG] Skipped (no changes): Microsoft.CodeAnalysis.CSharp.dll
2024-09-26 15:07:47.459 +03:00 [DBG] Skipped (no changes): Microsoft.CodeAnalysis.CSharp.Features.dll
2024-09-26 15:07:47.463 +03:00 [DBG] Skipped (no changes): Microsoft.CodeAnalysis.CSharp.Workspaces.dll
2024-09-26 15:07:47.467 +03:00 [DBG] Skipped (no changes): Microsoft.CodeAnalysis.dll
2024-09-26 15:07:47.471 +03:00 [DBG] Skipped (no changes): Microsoft.CodeAnalysis.Elfie.dll
2024-09-26 15:07:47.476 +03:00 [DBG] Skipped (no changes): Microsoft.CodeAnalysis.Features.dll
2024-09-26 15:07:47.481 +03:00 [DBG] Skipped (no changes): Microsoft.CodeAnalysis.Razor.dll
2024-09-26 15:07:47.487 +03:00 [DBG] Skipped (no changes): Microsoft.CodeAnalysis.Scripting.dll
2024-09-26 15:07:47.493 +03:00 [DBG] Skipped (no changes): Microsoft.CodeAnalysis.Workspaces.dll
2024-09-26 15:07:47.499 +03:00 [DBG] Skipped (no changes): Microsoft.CodeCoverage.Core.dll
2024-09-26 15:07:47.505 +03:00 [DBG] Skipped (no changes): Microsoft.CodeCoverage.Instrumentation.Core.dll
2024-09-26 15:07:47.512 +03:00 [DBG] Skipped (no changes): Microsoft.CodeCoverage.Instrumentation.dll
2024-09-26 15:07:47.518 +03:00 [DBG] Skipped (no changes): Microsoft.CodeCoverage.Interprocess.dll
2024-09-26 15:07:47.522 +03:00 [DBG] Skipped (no changes): Microsoft.CodeCoverage.props
2024-09-26 15:07:47.526 +03:00 [DBG] Skipped (no changes): Microsoft.CodeCoverage.targets
2024-09-26 15:07:47.531 +03:00 [DBG] Skipped (no changes): Microsoft.Data.SqlClient.dll
2024-09-26 15:07:47.536 +03:00 [DBG] Skipped (no changes): Microsoft.DiaSymReader.dll
2024-09-26 15:07:47.542 +03:00 [DBG] Skipped (no changes): Microsoft.DotNet.Scaffolding.Shared.dll
2024-09-26 15:07:47.548 +03:00 [DBG] Skipped (no changes): Microsoft.EntityFrameworkCore.Abstractions.dll
2024-09-26 15:07:47.555 +03:00 [DBG] Skipped (no changes): Microsoft.EntityFrameworkCore.dll
2024-09-26 15:07:47.560 +03:00 [DBG] Skipped (no changes): Microsoft.EntityFrameworkCore.InMemory.dll
2024-09-26 15:07:47.565 +03:00 [DBG] Skipped (no changes): Microsoft.EntityFrameworkCore.Relational.dll
2024-09-26 15:07:47.570 +03:00 [DBG] Skipped (no changes): Microsoft.EntityFrameworkCore.SqlServer.dll
2024-09-26 15:07:47.576 +03:00 [DBG] Skipped (no changes): Microsoft.Extensions.DependencyModel.dll
2024-09-26 15:07:47.582 +03:00 [DBG] Skipped (no changes): Microsoft.Identity.Client.dll
2024-09-26 15:07:47.588 +03:00 [DBG] Skipped (no changes): Microsoft.Identity.Client.Extensions.Msal.dll
2024-09-26 15:07:47.594 +03:00 [DBG] Skipped (no changes): Microsoft.IdentityModel.Abstractions.dll
2024-09-26 15:07:47.602 +03:00 [DBG] Skipped (no changes): Microsoft.IdentityModel.JsonWebTokens.dll
2024-09-26 15:07:47.609 +03:00 [DBG] Skipped (no changes): Microsoft.IdentityModel.Logging.dll
2024-09-26 15:07:47.614 +03:00 [DBG] Skipped (no changes): Microsoft.IdentityModel.Protocols.dll
2024-09-26 15:07:47.619 +03:00 [DBG] Skipped (no changes): Microsoft.IdentityModel.Protocols.OpenIdConnect.dll
2024-09-26 15:07:47.627 +03:00 [DBG] Skipped (no changes): Microsoft.IdentityModel.Tokens.dll
2024-09-26 15:07:47.634 +03:00 [DBG] Skipped (no changes): Microsoft.NET.StringTools.dll
2024-09-26 15:07:47.640 +03:00 [DBG] Skipped (no changes): Microsoft.SqlServer.Server.dll
2024-09-26 15:07:47.645 +03:00 [DBG] Skipped (no changes): Microsoft.TestPlatform.CommunicationUtilities.dll
2024-09-26 15:07:47.651 +03:00 [DBG] Skipped (no changes): Microsoft.TestPlatform.CoreUtilities.dll
2024-09-26 15:07:47.655 +03:00 [DBG] Skipped (no changes): Microsoft.TestPlatform.CrossPlatEngine.dll
2024-09-26 15:07:47.660 +03:00 [DBG] Skipped (no changes): Microsoft.TestPlatform.PlatformAbstractions.dll
2024-09-26 15:07:47.664 +03:00 [DBG] Skipped (no changes): Microsoft.TestPlatform.Utilities.dll
2024-09-26 15:07:47.668 +03:00 [DBG] Skipped (no changes): Microsoft.VisualStudio.CodeCoverage.Shim.dll
2024-09-26 15:07:47.672 +03:00 [DBG] Skipped (no changes): Microsoft.VisualStudio.TestPlatform.Common.dll
2024-09-26 15:07:47.676 +03:00 [DBG] Skipped (no changes): Microsoft.VisualStudio.TestPlatform.ObjectModel.dll
2024-09-26 15:07:47.680 +03:00 [DBG] Skipped (no changes): Microsoft.VisualStudio.TraceDataCollector.dll
2024-09-26 15:07:47.684 +03:00 [DBG] Skipped (no changes): Microsoft.VisualStudio.Web.CodeGeneration.Core.dll
2024-09-26 15:07:47.688 +03:00 [DBG] Skipped (no changes): Microsoft.VisualStudio.Web.CodeGeneration.dll
2024-09-26 15:07:47.693 +03:00 [DBG] Skipped (no changes): Microsoft.VisualStudio.Web.CodeGeneration.EntityFrameworkCore.dll
2024-09-26 15:07:47.698 +03:00 [DBG] Skipped (no changes): Microsoft.VisualStudio.Web.CodeGeneration.Templating.dll
2024-09-26 15:07:47.702 +03:00 [DBG] Skipped (no changes): Microsoft.VisualStudio.Web.CodeGeneration.Utils.dll
2024-09-26 15:07:47.708 +03:00 [DBG] Skipped (no changes): Microsoft.VisualStudio.Web.CodeGenerators.Mvc.dll
2024-09-26 15:07:47.713 +03:00 [DBG] Skipped (no changes): Microsoft.Win32.SystemEvents.dll
2024-09-26 15:07:47.719 +03:00 [DBG] Skipped (no changes): MimeKit.dll
2024-09-26 15:07:47.726 +03:00 [DBG] Skipped (no changes): Mono.Cecil.dll
2024-09-26 15:07:47.733 +03:00 [DBG] Skipped (no changes): Mono.Cecil.Pdb.dll
2024-09-26 15:07:47.738 +03:00 [DBG] Skipped (no changes): Mono.Cecil.Rocks.dll
2024-09-26 15:07:47.750 +03:00 [DBG] Skipped (no changes): Mono.TextTemplating.dll
2024-09-26 15:07:47.758 +03:00 [DBG] Skipped (no changes): Moq.dll
2024-09-26 15:07:47.763 +03:00 [DBG] Skipped (no changes): Newtonsoft.Json.dll
2024-09-26 15:07:47.769 +03:00 [DBG] Skipped (no changes): Npgsql.dll
2024-09-26 15:07:47.778 +03:00 [DBG] Skipped (no changes): Npgsql.EntityFrameworkCore.PostgreSQL.dll
2024-09-26 15:07:47.787 +03:00 [DBG] Skipped (no changes): NuGet.Common.dll
2024-09-26 15:07:47.794 +03:00 [DBG] Skipped (no changes): NuGet.Configuration.dll
2024-09-26 15:07:47.802 +03:00 [DBG] Skipped (no changes): NuGet.DependencyResolver.Core.dll
2024-09-26 15:07:47.808 +03:00 [DBG] Skipped (no changes): NuGet.Frameworks.dll
2024-09-26 15:07:47.813 +03:00 [DBG] Skipped (no changes): NuGet.LibraryModel.dll
2024-09-26 15:07:47.821 +03:00 [DBG] Skipped (no changes): NuGet.Packaging.dll
2024-09-26 15:07:47.830 +03:00 [DBG] Skipped (no changes): NuGet.ProjectModel.dll
2024-09-26 15:07:47.841 +03:00 [DBG] Skipped (no changes): NuGet.Protocol.dll
2024-09-26 15:07:47.851 +03:00 [DBG] Skipped (no changes): NuGet.Versioning.dll
2024-09-26 15:07:47.857 +03:00 [DBG] Skipped (no changes): PdfSharp.Charting.dll
2024-09-26 15:07:47.862 +03:00 [DBG] Skipped (no changes): PdfSharp.dll
2024-09-26 15:07:47.869 +03:00 [DBG] Skipped (no changes): PdfSharp.Quality.dll
2024-09-26 15:07:47.875 +03:00 [DBG] Skipped (no changes): PdfSharp.Snippets.dll
2024-09-26 15:07:47.882 +03:00 [DBG] Skipped (no changes): PdfSharp.System.dll
2024-09-26 15:07:47.890 +03:00 [DBG] Skipped (no changes): PdfSharp.WPFonts.dll
2024-09-26 15:07:47.897 +03:00 [DBG] Skipped (no changes): PDFtoImage.dll
2024-09-26 15:07:47.906 +03:00 [DBG] Skipped (no changes): SkiaSharp.dll
2024-09-26 15:07:47.910 +03:00 [DBG] Skipped (no changes): Spire.Doc.dll
2024-09-26 15:07:47.916 +03:00 [DBG] Skipped (no changes): System.CodeDom.dll
2024-09-26 15:07:47.921 +03:00 [DBG] Skipped (no changes): System.Composition.AttributedModel.dll
2024-09-26 15:07:47.927 +03:00 [DBG] Skipped (no changes): System.Composition.Convention.dll
2024-09-26 15:07:47.934 +03:00 [DBG] Skipped (no changes): System.Composition.Hosting.dll
2024-09-26 15:07:47.940 +03:00 [DBG] Skipped (no changes): System.Composition.Runtime.dll
2024-09-26 15:07:47.945 +03:00 [DBG] Skipped (no changes): System.Composition.TypedParts.dll
2024-09-26 15:07:47.953 +03:00 [DBG] Skipped (no changes): System.Configuration.ConfigurationManager.dll
2024-09-26 15:07:47.961 +03:00 [DBG] Skipped (no changes): System.Drawing.Common.dll
2024-09-26 15:07:47.969 +03:00 [DBG] Skipped (no changes): System.Formats.Asn1.dll
2024-09-26 15:07:47.976 +03:00 [DBG] Skipped (no changes): System.IdentityModel.Tokens.Jwt.dll
2024-09-26 15:07:47.983 +03:00 [DBG] Skipped (no changes): System.Memory.Data.dll
2024-09-26 15:07:47.990 +03:00 [DBG] Skipped (no changes): System.Reflection.MetadataLoadContext.dll
2024-09-26 15:07:47.997 +03:00 [DBG] Skipped (no changes): System.Runtime.Caching.dll
2024-09-26 15:07:48.004 +03:00 [DBG] Skipped (no changes): System.Security.Cryptography.ProtectedData.dll
2024-09-26 15:07:48.013 +03:00 [DBG] Skipped (no changes): System.Security.Permissions.dll
2024-09-26 15:07:48.020 +03:00 [DBG] Skipped (no changes): System.Windows.Extensions.dll
2024-09-26 15:07:48.026 +03:00 [DBG] Skipped (no changes): Tesseract.dll
2024-09-26 15:07:48.032 +03:00 [DBG] Skipped (no changes): TesserNet.dll
2024-09-26 15:07:48.038 +03:00 [DBG] Skipped (no changes): TesserNet.System.Drawing.dll
2024-09-26 15:07:48.050 +03:00 [DBG] Skipped (no changes): testhost.dll
2024-09-26 15:07:48.066 +03:00 [DBG] Skipped (no changes): testhost.exe
2024-09-26 15:07:48.073 +03:00 [DBG] Skipped (no changes): ThirdPartyNotices.txt
2024-09-26 15:07:48.079 +03:00 [DBG] Skipped (no changes): web.config
2024-09-26 15:07:48.084 +03:00 [DBG] Skipped (no changes): xunit.abstractions.dll
2024-09-26 15:07:48.090 +03:00 [DBG] Skipped (no changes): xunit.assert.dll
2024-09-26 15:07:48.094 +03:00 [DBG] Skipped (no changes): xunit.core.dll
2024-09-26 15:07:48.100 +03:00 [DBG] Skipped (no changes): xunit.execution.dotnet.dll
2024-09-26 15:07:48.105 +03:00 [DBG] Skipped (no changes): xunit.runner.reporters.netcoreapp10.dll
2024-09-26 15:07:48.110 +03:00 [DBG] Skipped (no changes): xunit.runner.utility.netcoreapp10.dll
2024-09-26 15:07:48.117 +03:00 [DBG] Skipped (no changes): xunit.runner.visualstudio.testadapter.dll
2024-09-26 15:07:48.125 +03:00 [DBG] Skipped (no changes): Humanizer.resources.dll
2024-09-26 15:07:48.132 +03:00 [DBG] Skipped (no changes): Humanizer.resources.dll
2024-09-26 15:07:48.140 +03:00 [DBG] Skipped (no changes): Humanizer.resources.dll
2024-09-26 15:07:48.149 +03:00 [DBG] Skipped (no changes): Humanizer.resources.dll
2024-09-26 15:07:48.158 +03:00 [DBG] Skipped (no changes): Humanizer.resources.dll
2024-09-26 15:07:48.167 +03:00 [DBG] Skipped (no changes): CodeCoverage.config
2024-09-26 15:07:48.173 +03:00 [DBG] Skipped (no changes): CodeCoverage.exe
2024-09-26 15:07:48.179 +03:00 [DBG] Skipped (no changes): codecoveragemessages.dll
2024-09-26 15:07:48.188 +03:00 [DBG] Skipped (no changes): covrun32.dll
2024-09-26 15:07:48.196 +03:00 [DBG] Skipped (no changes): msdia140.dll
2024-09-26 15:07:48.209 +03:00 [DBG] Skipped (no changes): VanguardInstrumentationProfiler_x86.config
2024-09-26 15:07:48.219 +03:00 [DBG] Skipped (no changes): CodeCoverage.exe
2024-09-26 15:07:48.227 +03:00 [DBG] Skipped (no changes): covrun64.dll
2024-09-26 15:07:48.235 +03:00 [DBG] Skipped (no changes): msdia140.dll
2024-09-26 15:07:48.242 +03:00 [DBG] Skipped (no changes): VanguardInstrumentationProfiler_x64.config
2024-09-26 15:07:48.250 +03:00 [DBG] Skipped (no changes): covrunarm64.dll
2024-09-26 15:07:48.256 +03:00 [DBG] Skipped (no changes): msdia140.dll
2024-09-26 15:07:48.266 +03:00 [DBG] Skipped (no changes): VanguardInstrumentationProfiler_arm64.config
2024-09-26 15:07:48.278 +03:00 [DBG] Skipped (no changes): Microsoft.VisualStudio.CodeCoverage.Shim.dll
2024-09-26 15:07:48.289 +03:00 [DBG] Skipped (no changes): Humanizer.resources.dll
2024-09-26 15:07:48.295 +03:00 [DBG] Skipped (no changes): Microsoft.CodeAnalysis.CSharp.Features.resources.dll
2024-09-26 15:07:48.302 +03:00 [DBG] Skipped (no changes): Microsoft.CodeAnalysis.CSharp.resources.dll
2024-09-26 15:07:48.310 +03:00 [DBG] Skipped (no changes): Microsoft.CodeAnalysis.CSharp.Workspaces.resources.dll
2024-09-26 15:07:48.316 +03:00 [DBG] Skipped (no changes): Microsoft.CodeAnalysis.Features.resources.dll
2024-09-26 15:07:48.322 +03:00 [DBG] Skipped (no changes): Microsoft.CodeAnalysis.resources.dll
2024-09-26 15:07:48.328 +03:00 [DBG] Skipped (no changes): Microsoft.CodeAnalysis.Scripting.resources.dll
2024-09-26 15:07:48.339 +03:00 [DBG] Skipped (no changes): Microsoft.CodeAnalysis.Workspaces.resources.dll
2024-09-26 15:07:48.355 +03:00 [DBG] Skipped (no changes): Microsoft.TestPlatform.CommunicationUtilities.resources.dll
2024-09-26 15:07:48.362 +03:00 [DBG] Skipped (no changes): Microsoft.TestPlatform.CoreUtilities.resources.dll
2024-09-26 15:07:48.370 +03:00 [DBG] Skipped (no changes): Microsoft.TestPlatform.CrossPlatEngine.resources.dll
2024-09-26 15:07:48.376 +03:00 [DBG] Skipped (no changes): Microsoft.VisualStudio.TestPlatform.Common.resources.dll
2024-09-26 15:07:48.382 +03:00 [DBG] Skipped (no changes): Microsoft.VisualStudio.TestPlatform.ObjectModel.resources.dll
2024-09-26 15:07:48.386 +03:00 [DBG] Skipped (no changes): Microsoft.VisualStudio.TraceDataCollector.resources.dll
2024-09-26 15:07:48.392 +03:00 [DBG] Skipped (no changes): Humanizer.resources.dll
2024-09-26 15:07:48.399 +03:00 [DBG] Skipped (no changes): Humanizer.resources.dll
2024-09-26 15:07:48.402 +03:00 [DBG] Skipped (no changes): Microsoft.CodeAnalysis.CSharp.Features.resources.dll
2024-09-26 15:07:48.407 +03:00 [DBG] Skipped (no changes): Microsoft.CodeAnalysis.CSharp.resources.dll
2024-09-26 15:07:48.410 +03:00 [DBG] Skipped (no changes): Microsoft.CodeAnalysis.CSharp.Workspaces.resources.dll
2024-09-26 15:07:48.415 +03:00 [DBG] Skipped (no changes): Microsoft.CodeAnalysis.Features.resources.dll
2024-09-26 15:07:48.419 +03:00 [DBG] Skipped (no changes): Microsoft.CodeAnalysis.resources.dll
2024-09-26 15:07:48.425 +03:00 [DBG] Skipped (no changes): Microsoft.CodeAnalysis.Scripting.resources.dll
2024-09-26 15:07:48.430 +03:00 [DBG] Skipped (no changes): Microsoft.CodeAnalysis.Workspaces.resources.dll
2024-09-26 15:07:48.435 +03:00 [DBG] Skipped (no changes): Microsoft.TestPlatform.CommunicationUtilities.resources.dll
2024-09-26 15:07:48.441 +03:00 [DBG] Skipped (no changes): Microsoft.TestPlatform.CoreUtilities.resources.dll
2024-09-26 15:07:48.447 +03:00 [DBG] Skipped (no changes): Microsoft.TestPlatform.CrossPlatEngine.resources.dll
2024-09-26 15:07:48.454 +03:00 [DBG] Skipped (no changes): Microsoft.VisualStudio.TestPlatform.Common.resources.dll
2024-09-26 15:07:48.461 +03:00 [DBG] Skipped (no changes): Microsoft.VisualStudio.TestPlatform.ObjectModel.resources.dll
2024-09-26 15:07:48.467 +03:00 [DBG] Skipped (no changes): Microsoft.VisualStudio.TraceDataCollector.resources.dll
2024-09-26 15:07:48.473 +03:00 [DBG] Skipped (no changes): PdfSharp.Charting.resources.dll
2024-09-26 15:07:48.479 +03:00 [DBG] Skipped (no changes): PdfSharp.resources.dll
2024-09-26 15:07:48.489 +03:00 [DBG] Skipped (no changes): Humanizer.resources.dll
2024-09-26 15:07:48.497 +03:00 [DBG] Skipped (no changes): Humanizer.resources.dll
2024-09-26 15:07:48.507 +03:00 [DBG] Skipped (no changes): Microsoft.CodeAnalysis.CSharp.Features.resources.dll
2024-09-26 15:07:48.513 +03:00 [DBG] Skipped (no changes): Microsoft.CodeAnalysis.CSharp.resources.dll
2024-09-26 15:07:48.520 +03:00 [DBG] Skipped (no changes): Microsoft.CodeAnalysis.CSharp.Workspaces.resources.dll
2024-09-26 15:07:48.527 +03:00 [DBG] Skipped (no changes): Microsoft.CodeAnalysis.Features.resources.dll
2024-09-26 15:07:48.534 +03:00 [DBG] Skipped (no changes): Microsoft.CodeAnalysis.resources.dll
2024-09-26 15:07:48.539 +03:00 [DBG] Skipped (no changes): Microsoft.CodeAnalysis.Scripting.resources.dll
2024-09-26 15:07:48.545 +03:00 [DBG] Skipped (no changes): Microsoft.CodeAnalysis.Workspaces.resources.dll
2024-09-26 15:07:48.551 +03:00 [DBG] Skipped (no changes): Microsoft.TestPlatform.CommunicationUtilities.resources.dll
2024-09-26 15:07:48.558 +03:00 [DBG] Skipped (no changes): Microsoft.TestPlatform.CoreUtilities.resources.dll
2024-09-26 15:07:48.564 +03:00 [DBG] Skipped (no changes): Microsoft.TestPlatform.CrossPlatEngine.resources.dll
2024-09-26 15:07:48.570 +03:00 [DBG] Skipped (no changes): Microsoft.VisualStudio.TestPlatform.Common.resources.dll
2024-09-26 15:07:48.578 +03:00 [DBG] Skipped (no changes): Microsoft.VisualStudio.TestPlatform.ObjectModel.resources.dll
2024-09-26 15:07:48.588 +03:00 [DBG] Skipped (no changes): Microsoft.VisualStudio.TraceDataCollector.resources.dll
2024-09-26 15:07:48.616 +03:00 [DBG] Skipped (no changes): Humanizer.resources.dll
2024-09-26 15:07:48.643 +03:00 [DBG] Skipped (no changes): Humanizer.resources.dll
2024-09-26 15:07:48.663 +03:00 [DBG] Skipped (no changes): Humanizer.resources.dll
2024-09-26 15:07:48.676 +03:00 [DBG] Skipped (no changes): Microsoft.CodeAnalysis.CSharp.Features.resources.dll
2024-09-26 15:07:48.688 +03:00 [DBG] Skipped (no changes): Microsoft.CodeAnalysis.CSharp.resources.dll
2024-09-26 15:07:48.701 +03:00 [DBG] Skipped (no changes): Microsoft.CodeAnalysis.CSharp.Workspaces.resources.dll
2024-09-26 15:07:48.715 +03:00 [DBG] Skipped (no changes): Microsoft.CodeAnalysis.Features.resources.dll
2024-09-26 15:07:48.729 +03:00 [DBG] Skipped (no changes): Microsoft.CodeAnalysis.resources.dll
2024-09-26 15:07:48.743 +03:00 [DBG] Skipped (no changes): Microsoft.CodeAnalysis.Scripting.resources.dll
2024-09-26 15:07:48.757 +03:00 [DBG] Skipped (no changes): Microsoft.CodeAnalysis.Workspaces.resources.dll
2024-09-26 15:07:48.771 +03:00 [DBG] Skipped (no changes): Microsoft.TestPlatform.CommunicationUtilities.resources.dll
2024-09-26 15:07:48.778 +03:00 [DBG] Skipped (no changes): Microsoft.TestPlatform.CoreUtilities.resources.dll
2024-09-26 15:07:48.783 +03:00 [DBG] Skipped (no changes): Microsoft.TestPlatform.CrossPlatEngine.resources.dll
2024-09-26 15:07:48.787 +03:00 [DBG] Skipped (no changes): Microsoft.VisualStudio.TestPlatform.Common.resources.dll
2024-09-26 15:07:48.793 +03:00 [DBG] Skipped (no changes): Microsoft.VisualStudio.TestPlatform.ObjectModel.resources.dll
2024-09-26 15:07:48.800 +03:00 [DBG] Skipped (no changes): Microsoft.VisualStudio.TraceDataCollector.resources.dll
2024-09-26 15:07:48.810 +03:00 [DBG] Skipped (no changes): Humanizer.resources.dll
2024-09-26 15:07:48.820 +03:00 [DBG] Skipped (no changes): Humanizer.resources.dll
2024-09-26 15:07:48.831 +03:00 [DBG] Skipped (no changes): Humanizer.resources.dll
2024-09-26 15:07:48.841 +03:00 [DBG] Skipped (no changes): Humanizer.resources.dll
2024-09-26 15:07:48.850 +03:00 [DBG] Skipped (no changes): Humanizer.resources.dll
2024-09-26 15:07:48.860 +03:00 [DBG] Skipped (no changes): Humanizer.resources.dll
2024-09-26 15:07:48.877 +03:00 [DBG] Skipped (no changes): libCoverageInstrumentationMethod.so
2024-09-26 15:07:48.885 +03:00 [DBG] Skipped (no changes): libInstrumentationEngine.so
2024-09-26 15:07:48.896 +03:00 [DBG] Skipped (no changes): VanguardInstrumentationProfiler_x64.config
2024-09-26 15:07:48.910 +03:00 [DBG] Skipped (no changes): MicrosoftInstrumentationEngine_arm64.dll
2024-09-26 15:07:48.929 +03:00 [DBG] Skipped (no changes): libCoverageInstrumentationMethod.dylib
2024-09-26 15:07:48.940 +03:00 [DBG] Skipped (no changes): libInstrumentationEngine.dylib
2024-09-26 15:07:48.949 +03:00 [DBG] Skipped (no changes): VanguardInstrumentationProfiler_x64.config
2024-09-26 15:07:48.965 +03:00 [DBG] Skipped (no changes): libCoverageInstrumentationMethod.so
2024-09-26 15:07:48.972 +03:00 [DBG] Skipped (no changes): libInstrumentationEngine.so
2024-09-26 15:07:48.979 +03:00 [DBG] Skipped (no changes): VanguardInstrumentationProfiler_x64.config
2024-09-26 15:07:48.991 +03:00 [DBG] Skipped (no changes): MicrosoftInstrumentationEngine_x64.dll
2024-09-26 15:07:49.001 +03:00 [DBG] Skipped (no changes): MicrosoftInstrumentationEngine_x86.dll
2024-09-26 15:07:49.009 +03:00 [DBG] Skipped (no changes): Humanizer.resources.dll
2024-09-26 15:07:49.019 +03:00 [DBG] Skipped (no changes): Humanizer.resources.dll
2024-09-26 15:07:49.027 +03:00 [DBG] Skipped (no changes): Microsoft.CodeAnalysis.CSharp.Features.resources.dll
2024-09-26 15:07:49.034 +03:00 [DBG] Skipped (no changes): Microsoft.CodeAnalysis.CSharp.resources.dll
2024-09-26 15:07:49.040 +03:00 [DBG] Skipped (no changes): Microsoft.CodeAnalysis.CSharp.Workspaces.resources.dll
2024-09-26 15:07:49.046 +03:00 [DBG] Skipped (no changes): Microsoft.CodeAnalysis.Features.resources.dll
2024-09-26 15:07:49.054 +03:00 [DBG] Skipped (no changes): Microsoft.CodeAnalysis.resources.dll
2024-09-26 15:07:49.063 +03:00 [DBG] Skipped (no changes): Microsoft.CodeAnalysis.Scripting.resources.dll
2024-09-26 15:07:49.070 +03:00 [DBG] Skipped (no changes): Microsoft.CodeAnalysis.Workspaces.resources.dll
2024-09-26 15:07:49.075 +03:00 [DBG] Skipped (no changes): Microsoft.TestPlatform.CommunicationUtilities.resources.dll
2024-09-26 15:07:49.080 +03:00 [DBG] Skipped (no changes): Microsoft.TestPlatform.CoreUtilities.resources.dll
2024-09-26 15:07:49.085 +03:00 [DBG] Skipped (no changes): Microsoft.TestPlatform.CrossPlatEngine.resources.dll
2024-09-26 15:07:49.091 +03:00 [DBG] Skipped (no changes): Microsoft.VisualStudio.TestPlatform.Common.resources.dll
2024-09-26 15:07:49.096 +03:00 [DBG] Skipped (no changes): Microsoft.VisualStudio.TestPlatform.ObjectModel.resources.dll
2024-09-26 15:07:49.105 +03:00 [DBG] Skipped (no changes): Microsoft.VisualStudio.TraceDataCollector.resources.dll
2024-09-26 15:07:49.115 +03:00 [DBG] Skipped (no changes): Humanizer.resources.dll
2024-09-26 15:07:49.121 +03:00 [DBG] Skipped (no changes): Microsoft.CodeAnalysis.CSharp.Features.resources.dll
2024-09-26 15:07:49.128 +03:00 [DBG] Skipped (no changes): Microsoft.CodeAnalysis.CSharp.resources.dll
2024-09-26 15:07:49.135 +03:00 [DBG] Skipped (no changes): Microsoft.CodeAnalysis.CSharp.Workspaces.resources.dll
2024-09-26 15:07:49.142 +03:00 [DBG] Skipped (no changes): Microsoft.CodeAnalysis.Features.resources.dll
2024-09-26 15:07:49.148 +03:00 [DBG] Skipped (no changes): Microsoft.CodeAnalysis.resources.dll
2024-09-26 15:07:49.155 +03:00 [DBG] Skipped (no changes): Microsoft.CodeAnalysis.Scripting.resources.dll
2024-09-26 15:07:49.162 +03:00 [DBG] Skipped (no changes): Microsoft.CodeAnalysis.Workspaces.resources.dll
2024-09-26 15:07:49.168 +03:00 [DBG] Skipped (no changes): Microsoft.TestPlatform.CommunicationUtilities.resources.dll
2024-09-26 15:07:49.174 +03:00 [DBG] Skipped (no changes): Microsoft.TestPlatform.CoreUtilities.resources.dll
2024-09-26 15:07:49.179 +03:00 [DBG] Skipped (no changes): Microsoft.TestPlatform.CrossPlatEngine.resources.dll
2024-09-26 15:07:49.184 +03:00 [DBG] Skipped (no changes): Microsoft.VisualStudio.TestPlatform.Common.resources.dll
2024-09-26 15:07:49.191 +03:00 [DBG] Skipped (no changes): Microsoft.VisualStudio.TestPlatform.ObjectModel.resources.dll
2024-09-26 15:07:49.197 +03:00 [DBG] Skipped (no changes): Microsoft.VisualStudio.TraceDataCollector.resources.dll
2024-09-26 15:07:49.204 +03:00 [DBG] Skipped (no changes): Microsoft.CodeAnalysis.CSharp.Features.resources.dll
2024-09-26 15:07:49.209 +03:00 [DBG] Skipped (no changes): Microsoft.CodeAnalysis.CSharp.resources.dll
2024-09-26 15:07:49.213 +03:00 [DBG] Skipped (no changes): Microsoft.CodeAnalysis.CSharp.Workspaces.resources.dll
2024-09-26 15:07:49.217 +03:00 [DBG] Skipped (no changes): Microsoft.CodeAnalysis.Features.resources.dll
2024-09-26 15:07:49.221 +03:00 [DBG] Skipped (no changes): Microsoft.CodeAnalysis.resources.dll
2024-09-26 15:07:49.225 +03:00 [DBG] Skipped (no changes): Microsoft.CodeAnalysis.Scripting.resources.dll
2024-09-26 15:07:49.228 +03:00 [DBG] Skipped (no changes): Microsoft.CodeAnalysis.Workspaces.resources.dll
2024-09-26 15:07:49.233 +03:00 [DBG] Skipped (no changes): Microsoft.TestPlatform.CommunicationUtilities.resources.dll
2024-09-26 15:07:49.237 +03:00 [DBG] Skipped (no changes): Microsoft.TestPlatform.CoreUtilities.resources.dll
2024-09-26 15:07:49.241 +03:00 [DBG] Skipped (no changes): Microsoft.TestPlatform.CrossPlatEngine.resources.dll
2024-09-26 15:07:49.245 +03:00 [DBG] Skipped (no changes): Microsoft.VisualStudio.TestPlatform.Common.resources.dll
2024-09-26 15:07:49.252 +03:00 [DBG] Skipped (no changes): Microsoft.VisualStudio.TestPlatform.ObjectModel.resources.dll
2024-09-26 15:07:49.259 +03:00 [DBG] Skipped (no changes): Microsoft.VisualStudio.TraceDataCollector.resources.dll
2024-09-26 15:07:49.267 +03:00 [DBG] Skipped (no changes): Humanizer.resources.dll
2024-09-26 15:07:49.274 +03:00 [DBG] Skipped (no changes): Humanizer.resources.dll
2024-09-26 15:07:49.282 +03:00 [DBG] Skipped (no changes): Humanizer.resources.dll
2024-09-26 15:07:49.289 +03:00 [DBG] Skipped (no changes): Humanizer.resources.dll
2024-09-26 15:07:49.295 +03:00 [DBG] Skipped (no changes): Humanizer.resources.dll
2024-09-26 15:07:49.304 +03:00 [DBG] Skipped (no changes): Humanizer.resources.dll
2024-09-26 15:07:49.314 +03:00 [DBG] Skipped (no changes): Humanizer.resources.dll
2024-09-26 15:07:49.322 +03:00 [DBG] Skipped (no changes): Humanizer.resources.dll
2024-09-26 15:07:49.333 +03:00 [DBG] Skipped (no changes): Humanizer.resources.dll
2024-09-26 15:07:49.343 +03:00 [DBG] Skipped (no changes): Microsoft.CodeAnalysis.CSharp.Features.resources.dll
2024-09-26 15:07:49.350 +03:00 [DBG] Skipped (no changes): Microsoft.CodeAnalysis.CSharp.resources.dll
2024-09-26 15:07:49.356 +03:00 [DBG] Skipped (no changes): Microsoft.CodeAnalysis.CSharp.Workspaces.resources.dll
2024-09-26 15:07:49.362 +03:00 [DBG] Skipped (no changes): Microsoft.CodeAnalysis.Features.resources.dll
2024-09-26 15:07:49.371 +03:00 [DBG] Skipped (no changes): Microsoft.CodeAnalysis.resources.dll
2024-09-26 15:07:49.382 +03:00 [DBG] Skipped (no changes): Microsoft.CodeAnalysis.Scripting.resources.dll
2024-09-26 15:07:49.393 +03:00 [DBG] Skipped (no changes): Microsoft.CodeAnalysis.Workspaces.resources.dll
2024-09-26 15:07:49.403 +03:00 [DBG] Skipped (no changes): Microsoft.TestPlatform.CommunicationUtilities.resources.dll
2024-09-26 15:07:49.415 +03:00 [DBG] Skipped (no changes): Microsoft.TestPlatform.CoreUtilities.resources.dll
2024-09-26 15:07:49.423 +03:00 [DBG] Skipped (no changes): Microsoft.TestPlatform.CrossPlatEngine.resources.dll
2024-09-26 15:07:49.428 +03:00 [DBG] Skipped (no changes): Microsoft.VisualStudio.TestPlatform.Common.resources.dll
2024-09-26 15:07:49.434 +03:00 [DBG] Skipped (no changes): Microsoft.VisualStudio.TestPlatform.ObjectModel.resources.dll
2024-09-26 15:07:49.438 +03:00 [DBG] Skipped (no changes): Microsoft.VisualStudio.TraceDataCollector.resources.dll
2024-09-26 15:07:49.447 +03:00 [DBG] Skipped (no changes): Humanizer.resources.dll
2024-09-26 15:07:49.455 +03:00 [DBG] Skipped (no changes): Microsoft.CodeAnalysis.CSharp.Features.resources.dll
2024-09-26 15:07:49.461 +03:00 [DBG] Skipped (no changes): Microsoft.CodeAnalysis.CSharp.resources.dll
2024-09-26 15:07:49.469 +03:00 [DBG] Skipped (no changes): Microsoft.CodeAnalysis.CSharp.Workspaces.resources.dll
2024-09-26 15:07:49.475 +03:00 [DBG] Skipped (no changes): Microsoft.CodeAnalysis.Features.resources.dll
2024-09-26 15:07:49.481 +03:00 [DBG] Skipped (no changes): Microsoft.CodeAnalysis.resources.dll
2024-09-26 15:07:49.487 +03:00 [DBG] Skipped (no changes): Microsoft.CodeAnalysis.Scripting.resources.dll
2024-09-26 15:07:49.495 +03:00 [DBG] Skipped (no changes): Microsoft.CodeAnalysis.Workspaces.resources.dll
2024-09-26 15:07:49.501 +03:00 [DBG] Skipped (no changes): Microsoft.TestPlatform.CommunicationUtilities.resources.dll
2024-09-26 15:07:49.505 +03:00 [DBG] Skipped (no changes): Microsoft.TestPlatform.CoreUtilities.resources.dll
2024-09-26 15:07:49.509 +03:00 [DBG] Skipped (no changes): Microsoft.TestPlatform.CrossPlatEngine.resources.dll
2024-09-26 15:07:49.513 +03:00 [DBG] Skipped (no changes): Microsoft.VisualStudio.TestPlatform.Common.resources.dll
2024-09-26 15:07:49.517 +03:00 [DBG] Skipped (no changes): Microsoft.VisualStudio.TestPlatform.ObjectModel.resources.dll
2024-09-26 15:07:49.522 +03:00 [DBG] Skipped (no changes): Microsoft.VisualStudio.TraceDataCollector.resources.dll
2024-09-26 15:07:49.539 +03:00 [DBG] Skipped (no changes): Humanizer.resources.dll
2024-09-26 15:07:49.583 +03:00 [DBG] Skipped (no changes): Humanizer.resources.dll
2024-09-26 15:07:49.612 +03:00 [DBG] Skipped (no changes): Microsoft.CodeAnalysis.CSharp.Features.resources.dll
2024-09-26 15:07:49.633 +03:00 [DBG] Skipped (no changes): Microsoft.CodeAnalysis.CSharp.resources.dll
2024-09-26 15:07:49.638 +03:00 [DBG] Skipped (no changes): Microsoft.CodeAnalysis.CSharp.Workspaces.resources.dll
2024-09-26 15:07:49.643 +03:00 [DBG] Skipped (no changes): Microsoft.CodeAnalysis.Features.resources.dll
2024-09-26 15:07:49.649 +03:00 [DBG] Skipped (no changes): Microsoft.CodeAnalysis.resources.dll
2024-09-26 15:07:49.654 +03:00 [DBG] Skipped (no changes): Microsoft.CodeAnalysis.Scripting.resources.dll
2024-09-26 15:07:49.661 +03:00 [DBG] Skipped (no changes): Microsoft.CodeAnalysis.Workspaces.resources.dll
2024-09-26 15:07:49.666 +03:00 [DBG] Skipped (no changes): Microsoft.TestPlatform.CommunicationUtilities.resources.dll
2024-09-26 15:07:49.670 +03:00 [DBG] Skipped (no changes): Microsoft.TestPlatform.CoreUtilities.resources.dll
2024-09-26 15:07:49.675 +03:00 [DBG] Skipped (no changes): Microsoft.TestPlatform.CrossPlatEngine.resources.dll
2024-09-26 15:07:49.679 +03:00 [DBG] Skipped (no changes): Microsoft.VisualStudio.TestPlatform.Common.resources.dll
2024-09-26 15:07:49.685 +03:00 [DBG] Skipped (no changes): Microsoft.VisualStudio.TestPlatform.ObjectModel.resources.dll
2024-09-26 15:07:49.690 +03:00 [DBG] Skipped (no changes): Microsoft.VisualStudio.TraceDataCollector.resources.dll
2024-09-26 15:07:49.700 +03:00 [DBG] Skipped (no changes): libpdfium.so
2024-09-26 15:07:49.704 +03:00 [DBG] Skipped (no changes): libSkiaSharp.so
2024-09-26 15:07:49.712 +03:00 [DBG] Skipped (no changes): libpdfium.so
2024-09-26 15:07:49.717 +03:00 [DBG] Skipped (no changes): libSkiaSharp.so
2024-09-26 15:07:49.727 +03:00 [DBG] Skipped (no changes): libpdfium.so
2024-09-26 15:07:49.732 +03:00 [DBG] Skipped (no changes): libSkiaSharp.so
2024-09-26 15:07:49.741 +03:00 [DBG] Skipped (no changes): libpdfium.so
2024-09-26 15:07:49.751 +03:00 [DBG] Skipped (no changes): libpdfium.so
2024-09-26 15:07:49.757 +03:00 [DBG] Skipped (no changes): libSkiaSharp.so
2024-09-26 15:07:49.767 +03:00 [DBG] Skipped (no changes): libpdfium.so
2024-09-26 15:07:49.778 +03:00 [DBG] Skipped (no changes): libHarfBuzzSharp.dylib
2024-09-26 15:07:49.785 +03:00 [DBG] Skipped (no changes): libSkiaSharp.dylib
2024-09-26 15:07:49.795 +03:00 [DBG] Skipped (no changes): libpdfium.dylib
2024-09-26 15:07:49.804 +03:00 [DBG] Skipped (no changes): libpdfium.dylib
2024-09-26 15:07:49.818 +03:00 [DBG] Skipped (no changes): Microsoft.Data.SqlClient.dll
2024-09-26 15:07:49.831 +03:00 [DBG] Skipped (no changes): Microsoft.Data.SqlClient.dll
2024-09-26 15:07:49.835 +03:00 [DBG] Skipped (no changes): System.Runtime.Caching.dll
2024-09-26 15:07:49.842 +03:00 [DBG] Skipped (no changes): Microsoft.Win32.SystemEvents.dll
2024-09-26 15:07:49.846 +03:00 [DBG] Skipped (no changes): System.Drawing.Common.dll
2024-09-26 15:07:49.852 +03:00 [DBG] Skipped (no changes): System.Security.Cryptography.ProtectedData.dll
2024-09-26 15:07:49.858 +03:00 [DBG] Skipped (no changes): System.Windows.Extensions.dll
2024-09-26 15:07:49.865 +03:00 [DBG] Skipped (no changes): Microsoft.Data.SqlClient.SNI.dll
2024-09-26 15:07:49.873 +03:00 [DBG] Skipped (no changes): libHarfBuzzSharp.dll
2024-09-26 15:07:49.877 +03:00 [DBG] Skipped (no changes): libSkiaSharp.dll
2024-09-26 15:07:49.883 +03:00 [DBG] Skipped (no changes): Microsoft.Data.SqlClient.SNI.dll
2024-09-26 15:07:49.888 +03:00 [DBG] Skipped (no changes): pdfium.dll
2024-09-26 15:07:49.899 +03:00 [DBG] Skipped (no changes): libHarfBuzzSharp.dll
2024-09-26 15:07:49.905 +03:00 [DBG] Skipped (no changes): libSkiaSharp.dll
2024-09-26 15:07:49.910 +03:00 [DBG] Skipped (no changes): Microsoft.Data.SqlClient.SNI.dll
2024-09-26 15:07:49.916 +03:00 [DBG] Skipped (no changes): pdfium.dll
2024-09-26 15:07:49.926 +03:00 [DBG] Skipped (no changes): libHarfBuzzSharp.dll
2024-09-26 15:07:49.933 +03:00 [DBG] Skipped (no changes): libSkiaSharp.dll
2024-09-26 15:07:49.938 +03:00 [DBG] Skipped (no changes): Microsoft.Data.SqlClient.SNI.dll
2024-09-26 15:07:49.945 +03:00 [DBG] Skipped (no changes): pdfium.dll
2024-09-26 15:07:49.954 +03:00 [DBG] Skipped (no changes): Humanizer.resources.dll
2024-09-26 15:07:49.964 +03:00 [DBG] Skipped (no changes): Humanizer.resources.dll
2024-09-26 15:07:49.975 +03:00 [DBG] Skipped (no changes): Humanizer.resources.dll
2024-09-26 15:07:49.983 +03:00 [DBG] Skipped (no changes): Humanizer.resources.dll
2024-09-26 15:07:49.991 +03:00 [DBG] Skipped (no changes): Humanizer.resources.dll
2024-09-26 15:07:49.999 +03:00 [DBG] Skipped (no changes): eng.traineddata
2024-09-26 15:07:50.004 +03:00 [DBG] Skipped (no changes): ron.traineddata
2024-09-26 15:07:50.011 +03:00 [DBG] Skipped (no changes): Humanizer.resources.dll
2024-09-26 15:07:50.017 +03:00 [DBG] Skipped (no changes): Humanizer.resources.dll
2024-09-26 15:07:50.021 +03:00 [DBG] Skipped (no changes): Microsoft.CodeAnalysis.CSharp.Features.resources.dll
2024-09-26 15:07:50.025 +03:00 [DBG] Skipped (no changes): Microsoft.CodeAnalysis.CSharp.resources.dll
2024-09-26 15:07:50.029 +03:00 [DBG] Skipped (no changes): Microsoft.CodeAnalysis.CSharp.Workspaces.resources.dll
2024-09-26 15:07:50.033 +03:00 [DBG] Skipped (no changes): Microsoft.CodeAnalysis.Features.resources.dll
2024-09-26 15:07:50.037 +03:00 [DBG] Skipped (no changes): Microsoft.CodeAnalysis.resources.dll
2024-09-26 15:07:50.041 +03:00 [DBG] Skipped (no changes): Microsoft.CodeAnalysis.Scripting.resources.dll
2024-09-26 15:07:50.045 +03:00 [DBG] Skipped (no changes): Microsoft.CodeAnalysis.Workspaces.resources.dll
2024-09-26 15:07:50.049 +03:00 [DBG] Skipped (no changes): Microsoft.TestPlatform.CommunicationUtilities.resources.dll
2024-09-26 15:07:50.053 +03:00 [DBG] Skipped (no changes): Microsoft.TestPlatform.CoreUtilities.resources.dll
2024-09-26 15:07:50.057 +03:00 [DBG] Skipped (no changes): Microsoft.TestPlatform.CrossPlatEngine.resources.dll
2024-09-26 15:07:50.061 +03:00 [DBG] Skipped (no changes): Microsoft.VisualStudio.TestPlatform.Common.resources.dll
2024-09-26 15:07:50.065 +03:00 [DBG] Skipped (no changes): Microsoft.VisualStudio.TestPlatform.ObjectModel.resources.dll
2024-09-26 15:07:50.069 +03:00 [DBG] Skipped (no changes): Microsoft.VisualStudio.TraceDataCollector.resources.dll
2024-09-26 15:07:50.075 +03:00 [DBG] Skipped (no changes): Humanizer.resources.dll
2024-09-26 15:07:50.081 +03:00 [DBG] Skipped (no changes): Humanizer.resources.dll
2024-09-26 15:07:50.087 +03:00 [DBG] Skipped (no changes): Humanizer.resources.dll
2024-09-26 15:07:50.093 +03:00 [DBG] Skipped (no changes): Humanizer.resources.dll
2024-09-26 15:07:50.098 +03:00 [DBG] Skipped (no changes): CdM.styles.css
2024-09-26 15:07:50.102 +03:00 [DBG] Skipped (no changes): favicon.ico
2024-09-26 15:07:50.108 +03:00 [DBG] Skipped (no changes): logo.png
2024-09-26 15:07:50.114 +03:00 [DBG] Skipped (no changes): logo.png
2024-09-26 15:07:50.120 +03:00 [DBG] Skipped (no changes): site.css
2024-09-26 15:07:50.127 +03:00 [DBG] Skipped (no changes): style.css
2024-09-26 15:07:50.135 +03:00 [DBG] Skipped (no changes): style.css.map
2024-09-26 15:07:50.142 +03:00 [DBG] Skipped (no changes): subtle-slideshow.css
2024-09-26 15:07:50.150 +03:00 [DBG] Skipped (no changes): animate.css
2024-09-26 15:07:50.154 +03:00 [DBG] Skipped (no changes): animate.min.css
2024-09-26 15:07:50.163 +03:00 [DBG] Skipped (no changes): bootstrap.css
2024-09-26 15:07:50.169 +03:00 [DBG] Skipped (no changes): bootstrap.min.css
2024-09-26 15:07:50.178 +03:00 [DBG] Skipped (no changes): datetimepicker.min.css
2024-09-26 15:07:50.190 +03:00 [DBG] Skipped (no changes): flaticon.css
2024-09-26 15:07:50.199 +03:00 [DBG] Skipped (no changes): all.css
2024-09-26 15:07:50.205 +03:00 [DBG] Skipped (no changes): all.min.css
2024-09-26 15:07:50.218 +03:00 [DBG] Skipped (no changes): magnific-popup.css
2024-09-26 15:07:50.227 +03:00 [DBG] Skipped (no changes): owl.carousel.css
2024-09-26 15:07:50.239 +03:00 [DBG] Skipped (no changes): owl.carousel.min.css
2024-09-26 15:07:50.249 +03:00 [DBG] Skipped (no changes): ion.rangeSlider.css
2024-09-26 15:07:50.254 +03:00 [DBG] Skipped (no changes): ion.rangeSlider.min.css
2024-09-26 15:07:50.264 +03:00 [DBG] Skipped (no changes): select2.css
2024-09-26 15:07:50.269 +03:00 [DBG] Skipped (no changes): select2.min.css
2024-09-26 15:07:50.279 +03:00 [DBG] Skipped (no changes): slick-theme.css
2024-09-26 15:07:50.289 +03:00 [DBG] Skipped (no changes): swiper.css
2024-09-26 15:07:50.296 +03:00 [DBG] Skipped (no changes): swiper.min.css
2024-09-26 15:07:50.307 +03:00 [DBG] Skipped (no changes): Anexa1-Modificare date.docx
2024-09-26 15:07:50.312 +03:00 [DBG] Skipped (no changes): Anexa1-Stergere.docx
2024-09-26 15:07:50.319 +03:00 [DBG] Skipped (no changes): Cerere constatare tehnico-științifică.docx
2024-09-26 15:07:50.326 +03:00 [DBG] Skipped (no changes): Cerere de pre-testare.docx
2024-09-26 15:07:50.332 +03:00 [DBG] Skipped (no changes): Declaratie Pachet EXCLUSIVE.docx
2024-09-26 15:07:50.337 +03:00 [DBG] Skipped (no changes): Declarație de informare AMEF.docx
2024-09-26 15:07:50.346 +03:00 [DBG] Skipped (no changes): Declarație de informare constatare tehnico-științifică.docx
2024-09-26 15:07:50.357 +03:00 [DBG] Skipped (no changes): Declarație de informare pre-testare.docx
2024-09-26 15:07:50.373 +03:00 [DBG] Skipped (no changes): Raport verificare documente AMEF.docx
2024-09-26 15:07:50.384 +03:00 [DBG] Skipped (no changes): fa-brands-400.eot
2024-09-26 15:07:50.388 +03:00 [DBG] Skipped (no changes): fa-brands-400.svg
2024-09-26 15:07:50.392 +03:00 [DBG] Skipped (no changes): fa-brands-400.ttf
2024-09-26 15:07:50.399 +03:00 [DBG] Skipped (no changes): fa-brands-400.woff
2024-09-26 15:07:50.405 +03:00 [DBG] Skipped (no changes): fa-brands-400.woff2
2024-09-26 15:07:50.410 +03:00 [DBG] Skipped (no changes): fa-regular-400.eot
2024-09-26 15:07:50.417 +03:00 [DBG] Skipped (no changes): fa-regular-400.svg
2024-09-26 15:07:50.425 +03:00 [DBG] Skipped (no changes): fa-regular-400.ttf
2024-09-26 15:07:50.433 +03:00 [DBG] Skipped (no changes): fa-regular-400.woff
2024-09-26 15:07:50.441 +03:00 [DBG] Skipped (no changes): fa-regular-400.woff2
2024-09-26 15:07:50.449 +03:00 [DBG] Skipped (no changes): fa-solid-900.eot
2024-09-26 15:07:50.459 +03:00 [DBG] Skipped (no changes): fa-solid-900.svg
2024-09-26 15:07:50.467 +03:00 [DBG] Skipped (no changes): fa-solid-900.ttf
2024-09-26 15:07:50.475 +03:00 [DBG] Skipped (no changes): fa-solid-900.woff
2024-09-26 15:07:50.481 +03:00 [DBG] Skipped (no changes): fa-solid-900.woff2
2024-09-26 15:07:50.487 +03:00 [DBG] Skipped (no changes): Flaticon.eot
2024-09-26 15:07:50.497 +03:00 [DBG] Skipped (no changes): flaticon.html
2024-09-26 15:07:50.506 +03:00 [DBG] Skipped (no changes): Flaticon.svg
2024-09-26 15:07:50.512 +03:00 [DBG] Skipped (no changes): Flaticon.ttf
2024-09-26 15:07:50.519 +03:00 [DBG] Skipped (no changes): Flaticon.woff
2024-09-26 15:07:50.529 +03:00 [DBG] Skipped (no changes): Flaticon.woff2
2024-09-26 15:07:50.541 +03:00 [DBG] Skipped (no changes): favicon.ico
2024-09-26 15:07:50.551 +03:00 [DBG] Skipped (no changes): site.css
2024-09-26 15:07:50.565 +03:00 [DBG] Skipped (no changes): site.js
2024-09-26 15:07:50.576 +03:00 [DBG] Skipped (no changes): LICENSE
2024-09-26 15:07:50.591 +03:00 [DBG] Skipped (no changes): bootstrap-grid.css
2024-09-26 15:07:50.598 +03:00 [DBG] Skipped (no changes): bootstrap-grid.css.map
2024-09-26 15:07:50.609 +03:00 [DBG] Skipped (no changes): bootstrap-grid.min.css
2024-09-26 15:07:50.624 +03:00 [DBG] Skipped (no changes): bootstrap-grid.min.css.map
2024-09-26 15:07:50.640 +03:00 [DBG] Skipped (no changes): bootstrap-grid.rtl.css
2024-09-26 15:07:50.651 +03:00 [DBG] Skipped (no changes): bootstrap-grid.rtl.css.map
2024-09-26 15:07:50.660 +03:00 [DBG] Skipped (no changes): bootstrap-grid.rtl.min.css
2024-09-26 15:07:50.677 +03:00 [DBG] Skipped (no changes): bootstrap-grid.rtl.min.css.map
2024-09-26 15:07:50.686 +03:00 [DBG] Skipped (no changes): bootstrap-reboot.css
2024-09-26 15:07:50.698 +03:00 [DBG] Skipped (no changes): bootstrap-reboot.css.map
2024-09-26 15:07:50.708 +03:00 [DBG] Skipped (no changes): bootstrap-reboot.min.css
2024-09-26 15:07:50.714 +03:00 [DBG] Skipped (no changes): bootstrap-reboot.min.css.map
2024-09-26 15:07:50.719 +03:00 [DBG] Skipped (no changes): bootstrap-reboot.rtl.css
2024-09-26 15:07:50.726 +03:00 [DBG] Skipped (no changes): bootstrap-reboot.rtl.css.map
2024-09-26 15:07:50.732 +03:00 [DBG] Skipped (no changes): bootstrap-reboot.rtl.min.css
2024-09-26 15:07:50.738 +03:00 [DBG] Skipped (no changes): bootstrap-reboot.rtl.min.css.map
2024-09-26 15:07:50.748 +03:00 [DBG] Skipped (no changes): bootstrap-utilities.css
2024-09-26 15:07:50.759 +03:00 [DBG] Skipped (no changes): bootstrap-utilities.css.map
2024-09-26 15:07:50.768 +03:00 [DBG] Skipped (no changes): bootstrap-utilities.min.css
2024-09-26 15:07:50.777 +03:00 [DBG] Skipped (no changes): bootstrap-utilities.min.css.map
2024-09-26 15:07:50.789 +03:00 [DBG] Skipped (no changes): bootstrap-utilities.rtl.css
2024-09-26 15:07:50.800 +03:00 [DBG] Skipped (no changes): bootstrap-utilities.rtl.css.map
2024-09-26 15:07:50.811 +03:00 [DBG] Skipped (no changes): bootstrap-utilities.rtl.min.css
2024-09-26 15:07:50.820 +03:00 [DBG] Skipped (no changes): bootstrap-utilities.rtl.min.css.map
2024-09-26 15:07:50.831 +03:00 [DBG] Skipped (no changes): bootstrap.css
2024-09-26 15:07:50.842 +03:00 [DBG] Skipped (no changes): bootstrap.css.map
2024-09-26 15:07:50.856 +03:00 [DBG] Skipped (no changes): bootstrap.min.css
2024-09-26 15:07:50.867 +03:00 [DBG] Skipped (no changes): bootstrap.min.css.map
2024-09-26 15:07:50.872 +03:00 [DBG] Skipped (no changes): bootstrap.rtl.css
2024-09-26 15:07:50.876 +03:00 [DBG] Skipped (no changes): bootstrap.rtl.css.map
2024-09-26 15:07:50.882 +03:00 [DBG] Skipped (no changes): bootstrap.rtl.min.css
2024-09-26 15:07:50.887 +03:00 [DBG] Skipped (no changes): bootstrap.rtl.min.css.map
2024-09-26 15:07:50.895 +03:00 [DBG] Skipped (no changes): bootstrap.bundle.js
2024-09-26 15:07:50.905 +03:00 [DBG] Skipped (no changes): bootstrap.bundle.js.map
2024-09-26 15:07:50.913 +03:00 [DBG] Skipped (no changes): bootstrap.bundle.min.js
2024-09-26 15:07:50.921 +03:00 [DBG] Skipped (no changes): bootstrap.bundle.min.js.map
2024-09-26 15:07:50.930 +03:00 [DBG] Skipped (no changes): bootstrap.esm.js
2024-09-26 15:07:50.939 +03:00 [DBG] Skipped (no changes): bootstrap.esm.js.map
2024-09-26 15:07:50.947 +03:00 [DBG] Skipped (no changes): bootstrap.esm.min.js
2024-09-26 15:07:50.953 +03:00 [DBG] Skipped (no changes): bootstrap.esm.min.js.map
2024-09-26 15:07:50.961 +03:00 [DBG] Skipped (no changes): bootstrap.js
2024-09-26 15:07:50.970 +03:00 [DBG] Skipped (no changes): bootstrap.js.map
2024-09-26 15:07:50.979 +03:00 [DBG] Skipped (no changes): bootstrap.min.js
2024-09-26 15:07:50.987 +03:00 [DBG] Skipped (no changes): bootstrap.min.js.map
2024-09-26 15:07:51.001 +03:00 [DBG] Skipped (no changes): LICENSE.txt
2024-09-26 15:07:51.011 +03:00 [DBG] Skipped (no changes): jquery.js
2024-09-26 15:07:51.021 +03:00 [DBG] Skipped (no changes): jquery.min.js
2024-09-26 15:07:51.030 +03:00 [DBG] Skipped (no changes): jquery.min.map
2024-09-26 15:07:51.043 +03:00 [DBG] Skipped (no changes): LICENSE.md
2024-09-26 15:07:51.057 +03:00 [DBG] Skipped (no changes): additional-methods.js
2024-09-26 15:07:51.065 +03:00 [DBG] Skipped (no changes): additional-methods.min.js
2024-09-26 15:07:51.071 +03:00 [DBG] Skipped (no changes): jquery.validate.js
2024-09-26 15:07:51.079 +03:00 [DBG] Skipped (no changes): jquery.validate.min.js
2024-09-26 15:07:51.091 +03:00 [DBG] Skipped (no changes): jquery.validate.unobtrusive.js
2024-09-26 15:07:51.098 +03:00 [DBG] Skipped (no changes): jquery.validate.unobtrusive.min.js
2024-09-26 15:07:51.105 +03:00 [DBG] Skipped (no changes): LICENSE.txt
2024-09-26 15:07:51.114 +03:00 [DBG] Skipped (no changes): ajax-loader.gif
2024-09-26 15:07:51.119 +03:00 [DBG] Skipped (no changes): Thumbs.db
2024-09-26 15:07:51.134 +03:00 [DBG] Skipped (no changes): 04.png
2024-09-26 15:07:51.144 +03:00 [DBG] Skipped (no changes): about.png
2024-09-26 15:07:51.157 +03:00 [DBG] Skipped (no changes): aviz-case.jpg
2024-09-26 15:07:51.166 +03:00 [DBG] Skipped (no changes): Conexiune.jpg
2024-09-26 15:07:51.171 +03:00 [DBG] Skipped (no changes): Constatare.jpg
2024-09-26 15:07:51.176 +03:00 [DBG] Skipped (no changes): logo-ici.png
2024-09-26 15:07:51.184 +03:00 [DBG] Skipped (no changes): logo.png
2024-09-26 15:07:51.191 +03:00 [DBG] Skipped (no changes): news-1.png
2024-09-26 15:07:51.197 +03:00 [DBG] Skipped (no changes): slider1.jpg
2024-09-26 15:07:51.208 +03:00 [DBG] Skipped (no changes): slider2.jpg
2024-09-26 15:07:51.217 +03:00 [DBG] Skipped (no changes): user.png
2024-09-26 15:07:51.228 +03:00 [DBG] Skipped (no changes): custom.js
2024-09-26 15:07:51.236 +03:00 [DBG] Skipped (no changes): htmx.js
2024-09-26 15:07:51.246 +03:00 [DBG] Skipped (no changes): inregistrare-amef.js
2024-09-26 15:07:51.253 +03:00 [DBG] Skipped (no changes): jquery-3.6.0.min.js
2024-09-26 15:07:51.261 +03:00 [DBG] Skipped (no changes): jquery.appear.js
2024-09-26 15:07:51.267 +03:00 [DBG] Skipped (no changes): site.js
2024-09-26 15:07:51.274 +03:00 [DBG] Skipped (no changes): apexcharts.js
2024-09-26 15:07:51.278 +03:00 [DBG] Skipped (no changes): apexcharts.min.js
2024-09-26 15:07:51.284 +03:00 [DBG] Skipped (no changes): charts.js
2024-09-26 15:07:51.290 +03:00 [DBG] Skipped (no changes): bootstrap.js
2024-09-26 15:07:51.294 +03:00 [DBG] Skipped (no changes): bootstrap.min.js
2024-09-26 15:07:51.300 +03:00 [DBG] Skipped (no changes): jquery.downCount.js
2024-09-26 15:07:51.307 +03:00 [DBG] Skipped (no changes): jquery.countTo.js
2024-09-26 15:07:51.333 +03:00 [DBG] Skipped (no changes): datetimepicker.min.js
2024-09-26 15:07:51.361 +03:00 [DBG] Skipped (no changes): moment.min.js
2024-09-26 15:07:51.379 +03:00 [DBG] Skipped (no changes): easy-pie-chart.js
2024-09-26 15:07:51.391 +03:00 [DBG] Skipped (no changes): jarallax-video.js
2024-09-26 15:07:51.401 +03:00 [DBG] Skipped (no changes): jarallax-video.min.js
2024-09-26 15:07:51.406 +03:00 [DBG] Skipped (no changes): jarallax.js
2024-09-26 15:07:51.411 +03:00 [DBG] Skipped (no changes): jarallax.min.js
2024-09-26 15:07:51.418 +03:00 [DBG] Skipped (no changes): jquery.magnific-popup.js
2024-09-26 15:07:51.423 +03:00 [DBG] Skipped (no changes): jquery.magnific-popup.min.js
2024-09-26 15:07:51.428 +03:00 [DBG] Skipped (no changes): owl.carousel.js
2024-09-26 15:07:51.432 +03:00 [DBG] Skipped (no changes): owl.carousel.min.js
2024-09-26 15:07:51.439 +03:00 [DBG] Skipped (no changes): popper.js
2024-09-26 15:07:51.443 +03:00 [DBG] Skipped (no changes): popper.min.js
2024-09-26 15:07:51.451 +03:00 [DBG] Skipped (no changes): ion.rangeSlider.js
2024-09-26 15:07:51.459 +03:00 [DBG] Skipped (no changes): ion.rangeSlider.min.js
2024-09-26 15:07:51.466 +03:00 [DBG] Skipped (no changes): select2.full.js
2024-09-26 15:07:51.472 +03:00 [DBG] Skipped (no changes): select2.full.min.js
2024-09-26 15:07:51.480 +03:00 [DBG] Skipped (no changes): shuffle.js
2024-09-26 15:07:51.486 +03:00 [DBG] Skipped (no changes): shuffle.min.js
2024-09-26 15:07:51.496 +03:00 [DBG] Skipped (no changes): slick.js
2024-09-26 15:07:51.508 +03:00 [DBG] Skipped (no changes): slick.min.js
2024-09-26 15:07:51.528 +03:00 [DBG] Skipped (no changes): swiper.esm.bundle.js
2024-09-26 15:07:51.563 +03:00 [DBG] Skipped (no changes): swiper.esm.js
2024-09-26 15:07:51.583 +03:00 [DBG] Skipped (no changes): swiper.js
2024-09-26 15:07:51.594 +03:00 [DBG] Skipped (no changes): swiper.min.js
2024-09-26 15:07:51.614 +03:00 [DBG] Skipped (no changes): SwiperAnimation.js
2024-09-26 15:07:51.627 +03:00 [DBG] Skipped (no changes): SwiperAnimation.min.js
2024-09-26 15:07:51.647 +03:00 [DBG] Skipped (no changes): LICENSE
2024-09-26 15:07:51.663 +03:00 [DBG] Skipped (no changes): bootstrap-grid.css
2024-09-26 15:07:51.671 +03:00 [DBG] Skipped (no changes): bootstrap-grid.css.map
2024-09-26 15:07:51.679 +03:00 [DBG] Skipped (no changes): bootstrap-grid.min.css
2024-09-26 15:07:51.688 +03:00 [DBG] Skipped (no changes): bootstrap-grid.min.css.map
2024-09-26 15:07:51.695 +03:00 [DBG] Skipped (no changes): bootstrap-grid.rtl.css
2024-09-26 15:07:51.704 +03:00 [DBG] Skipped (no changes): bootstrap-grid.rtl.css.map
2024-09-26 15:07:51.711 +03:00 [DBG] Skipped (no changes): bootstrap-grid.rtl.min.css
2024-09-26 15:07:51.718 +03:00 [DBG] Skipped (no changes): bootstrap-grid.rtl.min.css.map
2024-09-26 15:07:51.726 +03:00 [DBG] Skipped (no changes): bootstrap-reboot.css
2024-09-26 15:07:51.734 +03:00 [DBG] Skipped (no changes): bootstrap-reboot.css.map
2024-09-26 15:07:51.743 +03:00 [DBG] Skipped (no changes): bootstrap-reboot.min.css
2024-09-26 15:07:51.750 +03:00 [DBG] Skipped (no changes): bootstrap-reboot.min.css.map
2024-09-26 15:07:51.756 +03:00 [DBG] Skipped (no changes): bootstrap-reboot.rtl.css
2024-09-26 15:07:51.765 +03:00 [DBG] Skipped (no changes): bootstrap-reboot.rtl.css.map
2024-09-26 15:07:51.771 +03:00 [DBG] Skipped (no changes): bootstrap-reboot.rtl.min.css
2024-09-26 15:07:51.778 +03:00 [DBG] Skipped (no changes): bootstrap-reboot.rtl.min.css.map
2024-09-26 15:07:51.787 +03:00 [DBG] Skipped (no changes): bootstrap-utilities.css
2024-09-26 15:07:51.796 +03:00 [DBG] Skipped (no changes): bootstrap-utilities.css.map
2024-09-26 15:07:51.807 +03:00 [DBG] Skipped (no changes): bootstrap-utilities.min.css
2024-09-26 15:07:51.815 +03:00 [DBG] Skipped (no changes): bootstrap-utilities.min.css.map
2024-09-26 15:07:51.825 +03:00 [DBG] Skipped (no changes): bootstrap-utilities.rtl.css
2024-09-26 15:07:51.835 +03:00 [DBG] Skipped (no changes): bootstrap-utilities.rtl.css.map
2024-09-26 15:07:51.843 +03:00 [DBG] Skipped (no changes): bootstrap-utilities.rtl.min.css
2024-09-26 15:07:51.852 +03:00 [DBG] Skipped (no changes): bootstrap-utilities.rtl.min.css.map
2024-09-26 15:07:51.860 +03:00 [DBG] Skipped (no changes): bootstrap.css
2024-09-26 15:07:51.873 +03:00 [DBG] Skipped (no changes): bootstrap.css.map
2024-09-26 15:07:51.886 +03:00 [DBG] Skipped (no changes): bootstrap.min.css
2024-09-26 15:07:51.898 +03:00 [DBG] Skipped (no changes): bootstrap.min.css.map
2024-09-26 15:07:51.903 +03:00 [DBG] Skipped (no changes): bootstrap.rtl.css
2024-09-26 15:07:51.908 +03:00 [DBG] Skipped (no changes): bootstrap.rtl.css.map
2024-09-26 15:07:51.913 +03:00 [DBG] Skipped (no changes): bootstrap.rtl.min.css
2024-09-26 15:07:51.917 +03:00 [DBG] Skipped (no changes): bootstrap.rtl.min.css.map
2024-09-26 15:07:51.927 +03:00 [DBG] Skipped (no changes): bootstrap.bundle.js
2024-09-26 15:07:51.935 +03:00 [DBG] Skipped (no changes): bootstrap.bundle.js.map
2024-09-26 15:07:51.953 +03:00 [DBG] Skipped (no changes): bootstrap.bundle.min.js
2024-09-26 15:07:51.964 +03:00 [DBG] Skipped (no changes): bootstrap.bundle.min.js.map
2024-09-26 15:07:51.973 +03:00 [DBG] Skipped (no changes): bootstrap.esm.js
2024-09-26 15:07:51.979 +03:00 [DBG] Skipped (no changes): bootstrap.esm.js.map
2024-09-26 15:07:51.991 +03:00 [DBG] Skipped (no changes): bootstrap.esm.min.js
2024-09-26 15:07:51.997 +03:00 [DBG] Skipped (no changes): bootstrap.esm.min.js.map
2024-09-26 15:07:52.006 +03:00 [DBG] Skipped (no changes): bootstrap.js
2024-09-26 15:07:52.015 +03:00 [DBG] Skipped (no changes): bootstrap.js.map
2024-09-26 15:07:52.023 +03:00 [DBG] Skipped (no changes): bootstrap.min.js
2024-09-26 15:07:52.030 +03:00 [DBG] Skipped (no changes): bootstrap.min.js.map
2024-09-26 15:07:52.044 +03:00 [DBG] Skipped (no changes): LICENSE.txt
2024-09-26 15:07:52.054 +03:00 [DBG] Skipped (no changes): jquery.js
2024-09-26 15:07:52.065 +03:00 [DBG] Skipped (no changes): jquery.min.js
2024-09-26 15:07:52.073 +03:00 [DBG] Skipped (no changes): jquery.min.map
2024-09-26 15:07:52.086 +03:00 [DBG] Skipped (no changes): LICENSE.md
2024-09-26 15:07:52.100 +03:00 [DBG] Skipped (no changes): additional-methods.js
2024-09-26 15:07:52.111 +03:00 [DBG] Skipped (no changes): additional-methods.min.js
2024-09-26 15:07:52.119 +03:00 [DBG] Skipped (no changes): jquery.validate.js
2024-09-26 15:07:52.129 +03:00 [DBG] Skipped (no changes): jquery.validate.min.js
2024-09-26 15:07:52.138 +03:00 [DBG] Skipped (no changes): jquery.validate.unobtrusive.js
2024-09-26 15:07:52.146 +03:00 [DBG] Skipped (no changes): jquery.validate.unobtrusive.min.js
2024-09-26 15:07:52.154 +03:00 [DBG] Skipped (no changes): LICENSE.txt
2024-09-26 15:07:52.165 +03:00 [DBG] Skipped (no changes): Sablon_AVIZ_TEHNIC.docx
2024-09-26 15:07:52.174 +03:00 [DBG] Skipped (no changes): style.scss
2024-09-26 15:07:52.183 +03:00 [DBG] Skipped (no changes): _banner.scss
2024-09-26 15:07:52.188 +03:00 [DBG] Skipped (no changes): _blog.scss
2024-09-26 15:07:52.196 +03:00 [DBG] Skipped (no changes): _error.scss
2024-09-26 15:07:52.205 +03:00 [DBG] Skipped (no changes): _footer.scss
2024-09-26 15:07:52.215 +03:00 [DBG] Skipped (no changes): _header.scss
2024-09-26 15:07:52.224 +03:00 [DBG] Skipped (no changes): _helpers.scss
2024-09-26 15:07:52.232 +03:00 [DBG] Skipped (no changes): _layout.scss
2024-09-26 15:07:52.238 +03:00 [DBG] Skipped (no changes): _shop.scss
2024-09-26 15:07:52.245 +03:00 [DBG] Skipped (no changes): _sidebar.scss
2024-09-26 15:07:52.254 +03:00 [DBG] Skipped (no changes): _typography.scss
2024-09-26 15:07:52.262 +03:00 [DBG] Skipped (no changes): _variables.scss
2024-09-26 15:07:52.271 +03:00 [DBG] Skipped (no changes): _accordion.scss
2024-09-26 15:07:52.278 +03:00 [DBG] Skipped (no changes): _action-box.scss
2024-09-26 15:07:52.286 +03:00 [DBG] Skipped (no changes): _blog-post.scss
2024-09-26 15:07:52.294 +03:00 [DBG] Skipped (no changes): _button.scss
2024-09-26 15:07:52.303 +03:00 [DBG] Skipped (no changes): _case-study.scss
2024-09-26 15:07:52.311 +03:00 [DBG] Skipped (no changes): _countdown.scss
2024-09-26 15:07:52.319 +03:00 [DBG] Skipped (no changes): _counter.scss
2024-09-26 15:07:52.327 +03:00 [DBG] Skipped (no changes): _datetimepicker.scss
2024-09-26 15:07:52.335 +03:00 [DBG] Skipped (no changes): _feature-info.scss
2024-09-26 15:07:52.343 +03:00 [DBG] Skipped (no changes): _list.scss
2024-09-26 15:07:52.351 +03:00 [DBG] Skipped (no changes): _owl-carousel.scss
2024-09-26 15:07:52.359 +03:00 [DBG] Skipped (no changes): _pie-chart.scss
2024-09-26 15:07:52.366 +03:00 [DBG] Skipped (no changes): _portfolio.scss
2024-09-26 15:07:52.372 +03:00 [DBG] Skipped (no changes): _pricing.scss
2024-09-26 15:07:52.380 +03:00 [DBG] Skipped (no changes): _progress-bar.scss
2024-09-26 15:07:52.388 +03:00 [DBG] Skipped (no changes): _range-slider.scss
2024-09-26 15:07:52.400 +03:00 [DBG] Skipped (no changes): _select.scss
2024-09-26 15:07:52.409 +03:00 [DBG] Skipped (no changes): _service.scss
2024-09-26 15:07:52.417 +03:00 [DBG] Skipped (no changes): _tabs.scss
2024-09-26 15:07:52.424 +03:00 [DBG] Skipped (no changes): _team.scss
2024-09-26 15:07:52.430 +03:00 [DBG] Skipped (no changes): _testimonial.scss
2024-09-26 15:07:52.440 +03:00 [DBG] Skipped (no changes): leptonica-1.82.0.dll
2024-09-26 15:07:52.446 +03:00 [DBG] Skipped (no changes): tesseract50.dll
2024-09-26 15:07:52.457 +03:00 [DBG] Skipped (no changes): leptonica-1.82.0.dll
2024-09-26 15:07:52.468 +03:00 [DBG] Skipped (no changes): tesseract50.dll
2024-09-26 15:07:52.482 +03:00 [DBG] Skipped (no changes): Humanizer.resources.dll
2024-09-26 15:07:52.493 +03:00 [DBG] Skipped (no changes): Humanizer.resources.dll
2024-09-26 15:07:52.504 +03:00 [DBG] Skipped (no changes): Microsoft.CodeAnalysis.CSharp.Features.resources.dll
2024-09-26 15:07:52.514 +03:00 [DBG] Skipped (no changes): Microsoft.CodeAnalysis.CSharp.resources.dll
2024-09-26 15:07:52.522 +03:00 [DBG] Skipped (no changes): Microsoft.CodeAnalysis.CSharp.Workspaces.resources.dll
2024-09-26 15:07:52.531 +03:00 [DBG] Skipped (no changes): Microsoft.CodeAnalysis.Features.resources.dll
2024-09-26 15:07:52.539 +03:00 [DBG] Skipped (no changes): Microsoft.CodeAnalysis.resources.dll
2024-09-26 15:07:52.548 +03:00 [DBG] Skipped (no changes): Microsoft.CodeAnalysis.Scripting.resources.dll
2024-09-26 15:07:52.556 +03:00 [DBG] Skipped (no changes): Microsoft.CodeAnalysis.Workspaces.resources.dll
2024-09-26 15:07:52.564 +03:00 [DBG] Skipped (no changes): Microsoft.TestPlatform.CommunicationUtilities.resources.dll
2024-09-26 15:07:52.570 +03:00 [DBG] Skipped (no changes): Microsoft.TestPlatform.CoreUtilities.resources.dll
2024-09-26 15:07:52.580 +03:00 [DBG] Skipped (no changes): Microsoft.TestPlatform.CrossPlatEngine.resources.dll
2024-09-26 15:07:52.589 +03:00 [DBG] Skipped (no changes): Microsoft.VisualStudio.TestPlatform.Common.resources.dll
2024-09-26 15:07:52.599 +03:00 [DBG] Skipped (no changes): Microsoft.VisualStudio.TestPlatform.ObjectModel.resources.dll
2024-09-26 15:07:52.606 +03:00 [DBG] Skipped (no changes): Microsoft.VisualStudio.TraceDataCollector.resources.dll
2024-09-26 15:07:52.615 +03:00 [DBG] Skipped (no changes): Humanizer.resources.dll
2024-09-26 15:07:52.621 +03:00 [DBG] Skipped (no changes): Microsoft.CodeAnalysis.CSharp.Features.resources.dll
2024-09-26 15:07:52.630 +03:00 [DBG] Skipped (no changes): Microsoft.CodeAnalysis.CSharp.resources.dll
2024-09-26 15:07:52.640 +03:00 [DBG] Skipped (no changes): Microsoft.CodeAnalysis.CSharp.Workspaces.resources.dll
2024-09-26 15:07:52.648 +03:00 [DBG] Skipped (no changes): Microsoft.CodeAnalysis.Features.resources.dll
2024-09-26 15:07:52.654 +03:00 [DBG] Skipped (no changes): Microsoft.CodeAnalysis.resources.dll
2024-09-26 15:07:52.662 +03:00 [DBG] Skipped (no changes): Microsoft.CodeAnalysis.Scripting.resources.dll
2024-09-26 15:07:52.671 +03:00 [DBG] Skipped (no changes): Microsoft.CodeAnalysis.Workspaces.resources.dll
2024-09-26 15:07:52.679 +03:00 [DBG] Skipped (no changes): Microsoft.TestPlatform.CommunicationUtilities.resources.dll
2024-09-26 15:07:52.689 +03:00 [DBG] Skipped (no changes): Microsoft.TestPlatform.CoreUtilities.resources.dll
2024-09-26 15:07:52.697 +03:00 [DBG] Skipped (no changes): Microsoft.TestPlatform.CrossPlatEngine.resources.dll
2024-09-26 15:07:52.710 +03:00 [DBG] Skipped (no changes): Microsoft.VisualStudio.TestPlatform.Common.resources.dll
2024-09-26 15:07:52.722 +03:00 [DBG] Skipped (no changes): Microsoft.VisualStudio.TestPlatform.ObjectModel.resources.dll
2024-09-26 15:07:52.734 +03:00 [DBG] Skipped (no changes): Microsoft.VisualStudio.TraceDataCollector.resources.dll
2024-09-26 15:07:52.762 +03:00 [INF] Transferred newer files.
2024-09-26 15:07:52.766 +03:00 [INF] Restarting service case...
2024-09-26 15:07:52.793 +03:00 [DBG] Executed command 'sudo systemctl start case' with result: 
2024-09-26 15:07:52.796 +03:00 [INF] Service case is started.
2024-09-26 15:07:52.798 +03:00 [INF] Checking its status...
2024-09-26 15:07:54.832 +03:00 [DBG] Executed command 'sudo systemctl is-active case' with result: active
2024-09-26 15:07:54.834 +03:00 [INF] Service case is active again.
2024-09-26 15:07:54.835 +03:00 [INF] Deployment completed successfully!
2024-09-26 15:07:54.836 +03:00 [INF] Deployment process finished.
2024-09-26 15:42:14.216 +03:00 [INF] [36mStarting deployment...[0m
2024-09-26 15:42:14.250 +03:00 [INF] [36mCleaning the application...[0m
2024-09-26 15:42:14.939 +03:00 [INF] [32mCleaning completed in 0.688102 seconds.[0m
2024-09-26 15:42:14.943 +03:00 [INF] [36mPublishing the application...[0m
2024-09-26 15:42:17.585 +03:00 [INF] [32mPublishing completed in 2.6413773 seconds.[0m
2024-09-26 15:42:17.588 +03:00 [INF] [36mConnecting to SSH...[0m
2024-09-26 15:42:18.032 +03:00 [INF] [36mChecking service status...[0m
2024-09-26 15:42:18.519 +03:00 [DBG] Executed command 'sudo systemctl is-active case' with result: active
2024-09-26 15:42:18.523 +03:00 [INF] [32mService case is active.[0m
2024-09-26 15:42:18.525 +03:00 [INF] [36mStopping service case.[0m
2024-09-26 15:42:18.614 +03:00 [DBG] Executed command 'sudo systemctl stop case' with result: 
2024-09-26 15:42:18.618 +03:00 [INF] [32mService case is stopped.[0m
2024-09-26 15:42:18.619 +03:00 [INF] [36mTransferring newer files...[0m
2024-09-26 15:42:22.028 +03:00 [INF] No files to upload.
2024-09-26 15:42:22.038 +03:00 [INF] [36mTransferred newer files.[0m
2024-09-26 15:42:22.039 +03:00 [INF] [36mRestarting service case...[0m
2024-09-26 15:42:22.063 +03:00 [DBG] Executed command 'sudo systemctl start case' with result: 
2024-09-26 15:42:22.066 +03:00 [INF] [32mService case is started.[0m
2024-09-26 15:42:22.072 +03:00 [INF] [36mChecking its status...[0m
2024-09-26 15:42:24.117 +03:00 [DBG] Executed command 'sudo systemctl is-active case' with result: active
2024-09-26 15:42:24.118 +03:00 [INF] [32mService case is active again.[0m
2024-09-26 15:42:24.118 +03:00 [INF] [32mDeployment completed successfully![0m
2024-09-26 15:42:24.119 +03:00 [INF] [32mDeployment completed in 9.8688511 seconds.[0m
2024-09-26 15:42:24.122 +03:00 [INF] [32mDeployment process finished.[0m
